{
  "stats": {
    "suites": 1,
    "tests": 2,
    "passes": 2,
    "pending": 0,
    "failures": 0,
    "start": "2023-05-31T09:04:50.128Z",
    "end": "2023-05-31T09:04:51.952Z",
    "duration": 1824,
    "testsRegistered": 2,
    "passPercent": 100,
    "pendingPercent": 0,
    "other": 0,
    "hasOther": false,
    "skipped": 0,
    "hasSkipped": false
  },
  "results": [
    {
      "uuid": "49590781-4460-4cc8-b2d5-e2e9bae42d58",
      "title": "",
      "fullFile": "/Users/macbookpro2020/Documents/nuruls/Git/super-duper-dollop/test/api/chaiAssert.js",
      "file": "/test/api/chaiAssert.js",
      "beforeHooks": [],
      "afterHooks": [],
      "tests": [],
      "suites": [
        {
          "uuid": "921b37ca-eb3c-4aba-bb72-817bd10ea568",
          "title": "Post Request Example",
          "fullFile": "/Users/macbookpro2020/Documents/nuruls/Git/super-duper-dollop/test/api/chaiAssert.js",
          "file": "/test/api/chaiAssert.js",
          "beforeHooks": [],
          "afterHooks": [],
          "tests": [
            {
              "title": "response status equal to 200",
              "fullTitle": "Post Request Example response status equal to 200",
              "timedOut": false,
              "duration": 1815,
              "state": "passed",
              "speed": "slow",
              "pass": true,
              "fail": false,
              "pending": false,
              "context": null,
              "code": "//Check response status harus sama dengan 200\nexpect((await response).status).to.equal(200)",
              "err": {},
              "uuid": "2bcbfaf3-d950-4ea8-8fe2-1bbda8451f2f",
              "parentUUID": "921b37ca-eb3c-4aba-bb72-817bd10ea568",
              "isHook": false,
              "skipped": false
            },
            {
              "title": "response status equal to 200",
              "fullTitle": "Post Request Example response status equal to 200",
              "timedOut": false,
              "duration": 1,
              "state": "passed",
              "speed": "fast",
              "pass": true,
              "fail": false,
              "pending": false,
              "context": null,
              "code": "//Expect dalam body responseterdapat value 'masssage'\nexpect((await response).body).to.haveOwnProperty('message')",
              "err": {},
              "uuid": "3c30234e-6689-4489-8ed4-3d846aaa93b7",
              "parentUUID": "921b37ca-eb3c-4aba-bb72-817bd10ea568",
              "isHook": false,
              "skipped": false
            }
          ],
          "suites": [],
          "passes": [
            "2bcbfaf3-d950-4ea8-8fe2-1bbda8451f2f",
            "3c30234e-6689-4489-8ed4-3d846aaa93b7"
          ],
          "failures": [],
          "pending": [],
          "skipped": [],
          "duration": 1816,
          "root": false,
          "rootEmpty": false,
          "_timeout": 2000
        }
      ],
      "passes": [],
      "failures": [],
      "pending": [],
      "skipped": [],
      "duration": 0,
      "root": true,
      "rootEmpty": true,
      "_timeout": 2000
    }
  ],
  "meta": {
    "mocha": {
      "version": "10.2.0"
    },
    "mochawesome": {
      "options": {
        "quiet": false,
        "reportFilename": "mochawesome",
        "saveHtml": true,
        "saveJson": true,
        "consoleReporter": "spec",
        "useInlineDiffs": false,
        "code": true
      },
      "version": "7.1.3"
    },
    "marge": {
      "options": null,
      "version": "6.2.0"
    }
  }
}